<?xml version="1.0" encoding="UTF-8"?>
<testsuite xmlns:xsi="http://www.w3.org/2001/XMLSchema-instance" xsi:noNamespaceSchemaLocation="https://maven.apache.org/surefire/maven-surefire-plugin/xsd/surefire-test-report-3.0.xsd" version="3.0" name="Search" time="48.218" tests="18" errors="0" skipped="0" failures="0">
  <properties>
[...]
</properties>
  <testcase name="Google title verification after search #1" classname="Search" time="11.284">
    <system-out><![CDATA[===========> BEFORESTEP: TAKING SCREENSHOT <===========
===========> AFTERSTEP: TAKING SCREENSHOT <===========
===========> BEFORESTEP: TAKING SCREENSHOT <===========
===========> AFTERSTEP: TAKING SCREENSHOT <===========
===========> BEFORESTEP: TAKING SCREENSHOT <===========
===========> AFTERSTEP: TAKING SCREENSHOT <===========
]]></system-out>
    <system-err><![CDATA[SLF4J: Failed to load class "org.slf4j.impl.StaticLoggerBinder".
SLF4J: Defaulting to no-operation (NOP) logger implementation
SLF4J: See http://www.slf4j.org/codes.html#StaticLoggerBinder for further details.
Starting ChromeDriver 85.0.4183.87 (cd6713ebf92fa1cacc0f1a598df280093af0c5d7-refs/branch-heads/4183@{#1689}) on port 27531
Only local connections are allowed.
Please see https://chromedriver.chromium.org/security-considerations for suggestions on keeping ChromeDriver safe.
ChromeDriver was started successfully.
Sep 06, 2020 11:59:20 PM org.openqa.selenium.remote.ProtocolHandshake createSession
INFO: Detected dialect: W3C
]]></system-err>
  </testcase>
  <testcase name="Google title verification after search #2" classname="Search" time="3.617">
    <system-out><![CDATA[===========> BEFORESTEP: TAKING SCREENSHOT <===========
===========> AFTERSTEP: TAKING SCREENSHOT <===========
===========> BEFORESTEP: TAKING SCREENSHOT <===========
===========> AFTERSTEP: TAKING SCREENSHOT <===========
===========> BEFORESTEP: TAKING SCREENSHOT <===========
===========> AFTERSTEP: TAKING SCREENSHOT <===========
]]></system-out>
  </testcase>
  <testcase name="Google title verification after search #3" classname="Search" time="3.5">
    <system-out><![CDATA[===========> BEFORESTEP: TAKING SCREENSHOT <===========
===========> AFTERSTEP: TAKING SCREENSHOT <===========
===========> BEFORESTEP: TAKING SCREENSHOT <===========
===========> AFTERSTEP: TAKING SCREENSHOT <===========
===========> BEFORESTEP: TAKING SCREENSHOT <===========
===========> AFTERSTEP: TAKING SCREENSHOT <===========
]]></system-out>
  </testcase>
  <testcase name="Google title verification after search #4" classname="Search" time="2.226">
    <system-out><![CDATA[===========> BEFORESTEP: TAKING SCREENSHOT <===========
===========> AFTERSTEP: TAKING SCREENSHOT <===========
===========> BEFORESTEP: TAKING SCREENSHOT <===========
===========> AFTERSTEP: TAKING SCREENSHOT <===========
===========> BEFORESTEP: TAKING SCREENSHOT <===========
===========> AFTERSTEP: TAKING SCREENSHOT <===========
]]></system-out>
  </testcase>
  <testcase name="Google title verification after search #5" classname="Search" time="2.07">
    <system-out><![CDATA[===========> BEFORESTEP: TAKING SCREENSHOT <===========
===========> AFTERSTEP: TAKING SCREENSHOT <===========
===========> BEFORESTEP: TAKING SCREENSHOT <===========
===========> AFTERSTEP: TAKING SCREENSHOT <===========
===========> BEFORESTEP: TAKING SCREENSHOT <===========
===========> AFTERSTEP: TAKING SCREENSHOT <===========
]]></system-out>
  </testcase>
  <testcase name="Google title verification after search #6" classname="Search" time="1.467">
    <system-out><![CDATA[===========> BEFORESTEP: TAKING SCREENSHOT <===========
===========> AFTERSTEP: TAKING SCREENSHOT <===========
===========> BEFORESTEP: TAKING SCREENSHOT <===========
===========> AFTERSTEP: TAKING SCREENSHOT <===========
===========> BEFORESTEP: TAKING SCREENSHOT <===========
===========> AFTERSTEP: TAKING SCREENSHOT <===========
]]></system-out>
  </testcase>
  <testcase name="Google title verification after search #7" classname="Search" time="2.327">
    <system-out><![CDATA[===========> BEFORESTEP: TAKING SCREENSHOT <===========
===========> AFTERSTEP: TAKING SCREENSHOT <===========
===========> BEFORESTEP: TAKING SCREENSHOT <===========
===========> AFTERSTEP: TAKING SCREENSHOT <===========
===========> BEFORESTEP: TAKING SCREENSHOT <===========
===========> AFTERSTEP: TAKING SCREENSHOT <===========
]]></system-out>
  </testcase>
  <testcase name="Google title verification after search #8" classname="Search" time="1.913">
    <system-out><![CDATA[===========> BEFORESTEP: TAKING SCREENSHOT <===========
===========> AFTERSTEP: TAKING SCREENSHOT <===========
===========> BEFORESTEP: TAKING SCREENSHOT <===========
===========> AFTERSTEP: TAKING SCREENSHOT <===========
===========> BEFORESTEP: TAKING SCREENSHOT <===========
===========> AFTERSTEP: TAKING SCREENSHOT <===========
]]></system-out>
  </testcase>
  <testcase name="Google title verification after search #9" classname="Search" time="1.953">
    <system-out><![CDATA[===========> BEFORESTEP: TAKING SCREENSHOT <===========
===========> AFTERSTEP: TAKING SCREENSHOT <===========
===========> BEFORESTEP: TAKING SCREENSHOT <===========
===========> AFTERSTEP: TAKING SCREENSHOT <===========
===========> BEFORESTEP: TAKING SCREENSHOT <===========
===========> AFTERSTEP: TAKING SCREENSHOT <===========
]]></system-out>
  </testcase>
  <testcase name="Google title verification after search #10" classname="Search" time="2.191">
    <system-out><![CDATA[===========> BEFORESTEP: TAKING SCREENSHOT <===========
===========> AFTERSTEP: TAKING SCREENSHOT <===========
===========> BEFORESTEP: TAKING SCREENSHOT <===========
===========> AFTERSTEP: TAKING SCREENSHOT <===========
===========> BEFORESTEP: TAKING SCREENSHOT <===========
===========> AFTERSTEP: TAKING SCREENSHOT <===========
]]></system-out>
  </testcase>
  <testcase name="Google title verification after search #11" classname="Search" time="2.029">
    <system-out><![CDATA[===========> BEFORESTEP: TAKING SCREENSHOT <===========
===========> AFTERSTEP: TAKING SCREENSHOT <===========
===========> BEFORESTEP: TAKING SCREENSHOT <===========
===========> AFTERSTEP: TAKING SCREENSHOT <===========
===========> BEFORESTEP: TAKING SCREENSHOT <===========
===========> AFTERSTEP: TAKING SCREENSHOT <===========
]]></system-out>
  </testcase>
  <testcase name="Google title verification after search #12" classname="Search" time="2.676">
    <system-out><![CDATA[===========> BEFORESTEP: TAKING SCREENSHOT <===========
===========> AFTERSTEP: TAKING SCREENSHOT <===========
===========> BEFORESTEP: TAKING SCREENSHOT <===========
===========> AFTERSTEP: TAKING SCREENSHOT <===========
===========> BEFORESTEP: TAKING SCREENSHOT <===========
===========> AFTERSTEP: TAKING SCREENSHOT <===========
]]></system-out>
  </testcase>
  <testcase name="Google title verification after search #13" classname="Search" time="2.32">
    <system-out><![CDATA[===========> BEFORESTEP: TAKING SCREENSHOT <===========
===========> AFTERSTEP: TAKING SCREENSHOT <===========
===========> BEFORESTEP: TAKING SCREENSHOT <===========
===========> AFTERSTEP: TAKING SCREENSHOT <===========
===========> BEFORESTEP: TAKING SCREENSHOT <===========
===========> AFTERSTEP: TAKING SCREENSHOT <===========
]]></system-out>
  </testcase>
  <testcase name="Google title verification after search #14" classname="Search" time="1.807">
    <system-out><![CDATA[===========> BEFORESTEP: TAKING SCREENSHOT <===========
===========> AFTERSTEP: TAKING SCREENSHOT <===========
===========> BEFORESTEP: TAKING SCREENSHOT <===========
===========> AFTERSTEP: TAKING SCREENSHOT <===========
===========> BEFORESTEP: TAKING SCREENSHOT <===========
===========> AFTERSTEP: TAKING SCREENSHOT <===========
]]></system-out>
  </testcase>
  <testcase name="Google title verification after search #15" classname="Search" time="1.668">
    <system-out><![CDATA[===========> BEFORESTEP: TAKING SCREENSHOT <===========
===========> AFTERSTEP: TAKING SCREENSHOT <===========
===========> BEFORESTEP: TAKING SCREENSHOT <===========
===========> AFTERSTEP: TAKING SCREENSHOT <===========
===========> BEFORESTEP: TAKING SCREENSHOT <===========
===========> AFTERSTEP: TAKING SCREENSHOT <===========
]]></system-out>
  </testcase>
  <testcase name="Google title verification after search #16" classname="Search" time="1.553">
    <system-out><![CDATA[===========> BEFORESTEP: TAKING SCREENSHOT <===========
===========> AFTERSTEP: TAKING SCREENSHOT <===========
===========> BEFORESTEP: TAKING SCREENSHOT <===========
===========> AFTERSTEP: TAKING SCREENSHOT <===========
===========> BEFORESTEP: TAKING SCREENSHOT <===========
===========> AFTERSTEP: TAKING SCREENSHOT <===========
]]></system-out>
  </testcase>
  <testcase name="Google title verification after search #17" classname="Search" time="1.93">
    <system-out><![CDATA[===========> BEFORESTEP: TAKING SCREENSHOT <===========
===========> AFTERSTEP: TAKING SCREENSHOT <===========
===========> BEFORESTEP: TAKING SCREENSHOT <===========
===========> AFTERSTEP: TAKING SCREENSHOT <===========
===========> BEFORESTEP: TAKING SCREENSHOT <===========
===========> AFTERSTEP: TAKING SCREENSHOT <===========
]]></system-out>
  </testcase>
  <testcase name="Google title verification after search #18" classname="Search" time="1.687">
    <system-out><![CDATA[===========> BEFORESTEP: TAKING SCREENSHOT <===========
===========> AFTERSTEP: TAKING SCREENSHOT <===========
===========> BEFORESTEP: TAKING SCREENSHOT <===========
===========> AFTERSTEP: TAKING SCREENSHOT <===========
===========> BEFORESTEP: TAKING SCREENSHOT <===========
===========> AFTERSTEP: TAKING SCREENSHOT <===========
]]></system-out>
  </testcase>
</testsuite>